# Logfile created on 2022-11-01 19:02:08 +0000 by logger.rb/66358
  INFO ---------------------------------------------------------------------------
  INFO START 2022-11-01 19:02:08 +0000 cap production deploy
  INFO ---------------------------------------------------------------------------
  INFO [815e5f44] Running /usr/bin/env mkdir -p /tmp as gothick@ssh.gothick.org.uk
 DEBUG [815e5f44] Command: /usr/bin/env mkdir -p /tmp
  INFO [815e5f44] Finished in 2.277 seconds with exit status 0 (successful).
 DEBUG Uploading /tmp/git-ssh-21e6abaaa12ede1dbe51.sh 0.0%
  INFO Uploading /tmp/git-ssh-21e6abaaa12ede1dbe51.sh 100.0%
  INFO [7ec59cdd] Running /usr/bin/env chmod 700 /tmp/git-ssh-21e6abaaa12ede1dbe51.sh as gothick@ssh.gothick.org.uk
 DEBUG [7ec59cdd] Command: /usr/bin/env chmod 700 /tmp/git-ssh-21e6abaaa12ede1dbe51.sh
  INFO [7ec59cdd] Finished in 0.295 seconds with exit status 0 (successful).
  INFO [8027ce2f] Running /usr/bin/env git ls-remote git@github.com:gothick/exhibition.git HEAD as gothick@ssh.gothick.org.uk
 DEBUG [8027ce2f] Command: ( export GIT_ASKPASS="/bin/echo" GIT_SSH="/tmp/git-ssh-21e6abaaa12ede1dbe51.sh" ; /usr/bin/env git ls-remote git@github.com:gothick/exhibition.git HEAD )
 DEBUG [8027ce2f] 	Warning: Permanently added 'github.com,140.82.114.4' (ECDSA) to the list of known hosts.
 DEBUG [8027ce2f] 	4c01f1c35a18b084b98aa71844113f855b871a5a	HEAD
  INFO [8027ce2f] Finished in 0.735 seconds with exit status 0 (successful).
  INFO [b2bdd1cf] Running /usr/bin/env mkdir -p /var/www/sites/gothick.org.uk/exhibition.gothick.org.uk/shared /var/www/sites/gothick.org.uk/exhibition.gothick.org.uk/releases as gothick@ssh.gothick.org.uk
 DEBUG [b2bdd1cf] Command: /usr/bin/env mkdir -p /var/www/sites/gothick.org.uk/exhibition.gothick.org.uk/shared /var/www/sites/gothick.org.uk/exhibition.gothick.org.uk/releases
  INFO [b2bdd1cf] Finished in 0.300 seconds with exit status 0 (successful).
 DEBUG [5646f494] Running [ -f /var/www/sites/gothick.org.uk/exhibition.gothick.org.uk/current/REVISION ] as gothick@ssh.gothick.org.uk
 DEBUG [5646f494] Command: [ -f /var/www/sites/gothick.org.uk/exhibition.gothick.org.uk/current/REVISION ]
 DEBUG [5646f494] Finished in 0.294 seconds with exit status 1 (failed).
 DEBUG [b126c0b8] Running [ -f /var/www/sites/gothick.org.uk/exhibition.gothick.org.uk/repo/HEAD ] as gothick@ssh.gothick.org.uk
 DEBUG [b126c0b8] Command: [ -f /var/www/sites/gothick.org.uk/exhibition.gothick.org.uk/repo/HEAD ]
 DEBUG [b126c0b8] Finished in 0.294 seconds with exit status 1 (failed).
 DEBUG [b452c33e] Running if test ! -d /var/www/sites/gothick.org.uk/exhibition.gothick.org.uk; then echo "Directory does not exist '/var/www/sites/gothick.org.uk/exhibition.gothick.org.uk'" 1>&2; false; fi as gothick@ssh.gothick.org.uk
 DEBUG [b452c33e] Command: if test ! -d /var/www/sites/gothick.org.uk/exhibition.gothick.org.uk; then echo "Directory does not exist '/var/www/sites/gothick.org.uk/exhibition.gothick.org.uk'" 1>&2; false; fi
 DEBUG [b452c33e] Finished in 0.303 seconds with exit status 0 (successful).
  INFO [94cfc3f3] Running /usr/bin/env git clone --mirror git@github.com:gothick/exhibition.git /var/www/sites/gothick.org.uk/exhibition.gothick.org.uk/repo as gothick@ssh.gothick.org.uk
 DEBUG [94cfc3f3] Command: cd /var/www/sites/gothick.org.uk/exhibition.gothick.org.uk && ( export GIT_ASKPASS="/bin/echo" GIT_SSH="/tmp/git-ssh-21e6abaaa12ede1dbe51.sh" ; /usr/bin/env git clone --mirror git@github.com:gothick/exhibition.git /var/www/sites/gothick.org.uk/exhibition.gothick.org.uk/repo )
 DEBUG [94cfc3f3] 	Cloning into bare repository '/var/www/sites/gothick.org.uk/exhibition.gothick.org.uk/repo'...
  INFO [94cfc3f3] Finished in 3.443 seconds with exit status 0 (successful).
 DEBUG [b5dc2037] Running if test ! -d /var/www/sites/gothick.org.uk/exhibition.gothick.org.uk/repo; then echo "Directory does not exist '/var/www/sites/gothick.org.uk/exhibition.gothick.org.uk/repo'" 1>&2; false; fi as gothick@ssh.gothick.org.uk
 DEBUG [b5dc2037] Command: if test ! -d /var/www/sites/gothick.org.uk/exhibition.gothick.org.uk/repo; then echo "Directory does not exist '/var/www/sites/gothick.org.uk/exhibition.gothick.org.uk/repo'" 1>&2; false; fi
 DEBUG [b5dc2037] Finished in 0.296 seconds with exit status 0 (successful).
  INFO [ea78378c] Running /usr/bin/env git remote set-url origin git@github.com:gothick/exhibition.git as gothick@ssh.gothick.org.uk
 DEBUG [ea78378c] Command: cd /var/www/sites/gothick.org.uk/exhibition.gothick.org.uk/repo && ( export GIT_ASKPASS="/bin/echo" GIT_SSH="/tmp/git-ssh-21e6abaaa12ede1dbe51.sh" ; /usr/bin/env git remote set-url origin git@github.com:gothick/exhibition.git )
  INFO [ea78378c] Finished in 0.303 seconds with exit status 0 (successful).
  INFO [231ff241] Running /usr/bin/env git remote update --prune as gothick@ssh.gothick.org.uk
 DEBUG [231ff241] Command: cd /var/www/sites/gothick.org.uk/exhibition.gothick.org.uk/repo && ( export GIT_ASKPASS="/bin/echo" GIT_SSH="/tmp/git-ssh-21e6abaaa12ede1dbe51.sh" ; /usr/bin/env git remote update --prune )
 DEBUG [231ff241] 	Fetching origin
  INFO [231ff241] Finished in 0.713 seconds with exit status 0 (successful).
 DEBUG [9592a216] Running if test ! -d /var/www/sites/gothick.org.uk/exhibition.gothick.org.uk/repo; then echo "Directory does not exist '/var/www/sites/gothick.org.uk/exhibition.gothick.org.uk/repo'" 1>&2; false; fi as gothick@ssh.gothick.org.uk
 DEBUG [9592a216] Command: if test ! -d /var/www/sites/gothick.org.uk/exhibition.gothick.org.uk/repo; then echo "Directory does not exist '/var/www/sites/gothick.org.uk/exhibition.gothick.org.uk/repo'" 1>&2; false; fi
 DEBUG [9592a216] Finished in 0.296 seconds with exit status 0 (successful).
  INFO [93881f9b] Running /usr/bin/env mkdir -p /var/www/sites/gothick.org.uk/exhibition.gothick.org.uk/releases/20221101190213 as gothick@ssh.gothick.org.uk
 DEBUG [93881f9b] Command: cd /var/www/sites/gothick.org.uk/exhibition.gothick.org.uk/repo && ( export GIT_ASKPASS="/bin/echo" GIT_SSH="/tmp/git-ssh-21e6abaaa12ede1dbe51.sh" ; /usr/bin/env mkdir -p /var/www/sites/gothick.org.uk/exhibition.gothick.org.uk/releases/20221101190213 )
  INFO [93881f9b] Finished in 0.296 seconds with exit status 0 (successful).
  INFO [93f920a2] Running /usr/bin/env git archive main | /usr/bin/env tar -x -f - -C /var/www/sites/gothick.org.uk/exhibition.gothick.org.uk/releases/20221101190213 as gothick@ssh.gothick.org.uk
 DEBUG [93f920a2] Command: cd /var/www/sites/gothick.org.uk/exhibition.gothick.org.uk/repo && ( export GIT_ASKPASS="/bin/echo" GIT_SSH="/tmp/git-ssh-21e6abaaa12ede1dbe51.sh" ; /usr/bin/env git archive main | /usr/bin/env tar -x -f - -C /var/www/sites/gothick.org.uk/exhibition.gothick.org.uk/releases/20221101190213 )
  INFO [93f920a2] Finished in 0.355 seconds with exit status 0 (successful).
 DEBUG [5812992a] Running if test ! -d /var/www/sites/gothick.org.uk/exhibition.gothick.org.uk/repo; then echo "Directory does not exist '/var/www/sites/gothick.org.uk/exhibition.gothick.org.uk/repo'" 1>&2; false; fi as gothick@ssh.gothick.org.uk
 DEBUG [5812992a] Command: if test ! -d /var/www/sites/gothick.org.uk/exhibition.gothick.org.uk/repo; then echo "Directory does not exist '/var/www/sites/gothick.org.uk/exhibition.gothick.org.uk/repo'" 1>&2; false; fi
 DEBUG [5812992a] Finished in 0.295 seconds with exit status 0 (successful).
 DEBUG [7b364cf2] Running /usr/bin/env git rev-list --max-count=1 main as gothick@ssh.gothick.org.uk
 DEBUG [7b364cf2] Command: cd /var/www/sites/gothick.org.uk/exhibition.gothick.org.uk/repo && ( export GIT_ASKPASS="/bin/echo" GIT_SSH="/tmp/git-ssh-21e6abaaa12ede1dbe51.sh" ; /usr/bin/env git rev-list --max-count=1 main )
 DEBUG [7b364cf2] 	4c01f1c35a18b084b98aa71844113f855b871a5a
 DEBUG [7b364cf2] Finished in 0.298 seconds with exit status 0 (successful).
 DEBUG [3af2c041] Running if test ! -d /var/www/sites/gothick.org.uk/exhibition.gothick.org.uk/releases/20221101190213; then echo "Directory does not exist '/var/www/sites/gothick.org.uk/exhibition.gothick.org.uk/releases/20221101190213'" 1>&2; false; fi as gothick@ssh.gothick.org.uk
 DEBUG [3af2c041] Command: if test ! -d /var/www/sites/gothick.org.uk/exhibition.gothick.org.uk/releases/20221101190213; then echo "Directory does not exist '/var/www/sites/gothick.org.uk/exhibition.gothick.org.uk/releases/20221101190213'" 1>&2; false; fi
 DEBUG [3af2c041] Finished in 0.296 seconds with exit status 0 (successful).
  INFO [93b62d69] Running /usr/bin/env echo "4c01f1c35a18b084b98aa71844113f855b871a5a" > REVISION as gothick@ssh.gothick.org.uk
 DEBUG [93b62d69] Command: cd /var/www/sites/gothick.org.uk/exhibition.gothick.org.uk/releases/20221101190213 && /usr/bin/env echo "4c01f1c35a18b084b98aa71844113f855b871a5a" > REVISION
  INFO [93b62d69] Finished in 0.297 seconds with exit status 0 (successful).
  INFO [793070c2] Running /usr/bin/env ln -s /var/www/sites/gothick.org.uk/exhibition.gothick.org.uk/releases/20221101190213 /var/www/sites/gothick.org.uk/exhibition.gothick.org.uk/releases/current as gothick@ssh.gothick.org.uk
 DEBUG [793070c2] Command: /usr/bin/env ln -s /var/www/sites/gothick.org.uk/exhibition.gothick.org.uk/releases/20221101190213 /var/www/sites/gothick.org.uk/exhibition.gothick.org.uk/releases/current
  INFO [793070c2] Finished in 0.294 seconds with exit status 0 (successful).
  INFO [654f8a4c] Running /usr/bin/env mv /var/www/sites/gothick.org.uk/exhibition.gothick.org.uk/releases/current /var/www/sites/gothick.org.uk/exhibition.gothick.org.uk as gothick@ssh.gothick.org.uk
 DEBUG [654f8a4c] Command: /usr/bin/env mv /var/www/sites/gothick.org.uk/exhibition.gothick.org.uk/releases/current /var/www/sites/gothick.org.uk/exhibition.gothick.org.uk
  INFO [654f8a4c] Finished in 0.296 seconds with exit status 0 (successful).
 DEBUG [eef44ade] Running /usr/bin/env ls -x /var/www/sites/gothick.org.uk/exhibition.gothick.org.uk/releases as gothick@ssh.gothick.org.uk
 DEBUG [eef44ade] Command: /usr/bin/env ls -x /var/www/sites/gothick.org.uk/exhibition.gothick.org.uk/releases
 DEBUG [eef44ade] 	20221101190213
 DEBUG [eef44ade] Finished in 0.299 seconds with exit status 0 (successful).
 DEBUG [4689e760] Running if test ! -d /var/www/sites/gothick.org.uk/exhibition.gothick.org.uk/releases; then echo "Directory does not exist '/var/www/sites/gothick.org.uk/exhibition.gothick.org.uk/releases'" 1>&2; false; fi as gothick@ssh.gothick.org.uk
 DEBUG [4689e760] Command: if test ! -d /var/www/sites/gothick.org.uk/exhibition.gothick.org.uk/releases; then echo "Directory does not exist '/var/www/sites/gothick.org.uk/exhibition.gothick.org.uk/releases'" 1>&2; false; fi
 DEBUG [4689e760] Finished in 0.294 seconds with exit status 0 (successful).
  INFO [108c8ab3] Running /usr/bin/env echo "Branch main (at 4c01f1c35a18b084b98aa71844113f855b871a5a) deployed as release 20221101190213 by matt" >> /var/www/sites/gothick.org.uk/exhibition.gothick.org.uk/revisions.log as gothick@ssh.gothick.org.uk
 DEBUG [108c8ab3] Command: cd /var/www/sites/gothick.org.uk/exhibition.gothick.org.uk/releases && /usr/bin/env echo "Branch main (at 4c01f1c35a18b084b98aa71844113f855b871a5a) deployed as release 20221101190213 by matt" >> /var/www/sites/gothick.org.uk/exhibition.gothick.org.uk/revisions.log
  INFO [108c8ab3] Finished in 0.297 seconds with exit status 0 (successful).
  INFO ---------------------------------------------------------------------------
  INFO START 2022-11-01 19:05:35 +0000 cap production deploy
  INFO ---------------------------------------------------------------------------
  INFO [b7cb5a18] Running /usr/bin/env mkdir -p /tmp as gothick@ssh.gothick.org.uk
 DEBUG [b7cb5a18] Command: /usr/bin/env mkdir -p /tmp
  INFO [b7cb5a18] Finished in 1.500 seconds with exit status 0 (successful).
 DEBUG Uploading /tmp/git-ssh-fd3d56ebc749d21153ae.sh 0.0%
  INFO Uploading /tmp/git-ssh-fd3d56ebc749d21153ae.sh 100.0%
  INFO [aeb4853c] Running /usr/bin/env chmod 700 /tmp/git-ssh-fd3d56ebc749d21153ae.sh as gothick@ssh.gothick.org.uk
 DEBUG [aeb4853c] Command: /usr/bin/env chmod 700 /tmp/git-ssh-fd3d56ebc749d21153ae.sh
  INFO [aeb4853c] Finished in 0.297 seconds with exit status 0 (successful).
  INFO [ec165b07] Running /usr/bin/env git ls-remote git@github.com:gothick/exhibition.git HEAD as gothick@ssh.gothick.org.uk
 DEBUG [ec165b07] Command: ( export GIT_ASKPASS="/bin/echo" GIT_SSH="/tmp/git-ssh-fd3d56ebc749d21153ae.sh" ; /usr/bin/env git ls-remote git@github.com:gothick/exhibition.git HEAD )
 DEBUG [ec165b07] 	5c9030018026be41063b96397e845c207efb65de	HEAD
  INFO [ec165b07] Finished in 0.688 seconds with exit status 0 (successful).
  INFO [0d8e79a0] Running /usr/bin/env mkdir -p /var/www/sites/gothick.org.uk/exhibition.gothick.org.uk/shared /var/www/sites/gothick.org.uk/exhibition.gothick.org.uk/releases as gothick@ssh.gothick.org.uk
 DEBUG [0d8e79a0] Command: /usr/bin/env mkdir -p /var/www/sites/gothick.org.uk/exhibition.gothick.org.uk/shared /var/www/sites/gothick.org.uk/exhibition.gothick.org.uk/releases
  INFO [0d8e79a0] Finished in 0.298 seconds with exit status 0 (successful).
 DEBUG [cd3a3246] Running [ -f /var/www/sites/gothick.org.uk/exhibition.gothick.org.uk/current/REVISION ] as gothick@ssh.gothick.org.uk
 DEBUG [cd3a3246] Command: [ -f /var/www/sites/gothick.org.uk/exhibition.gothick.org.uk/current/REVISION ]
 DEBUG [cd3a3246] Finished in 0.294 seconds with exit status 0 (successful).
 DEBUG [b678c30e] Running /usr/bin/env cat /var/www/sites/gothick.org.uk/exhibition.gothick.org.uk/current/REVISION 2>/dev/null as gothick@ssh.gothick.org.uk
 DEBUG [b678c30e] Command: /usr/bin/env cat /var/www/sites/gothick.org.uk/exhibition.gothick.org.uk/current/REVISION 2>/dev/null
 DEBUG [b678c30e] 	4c01f1c35a18b084b98aa71844113f855b871a5a
 DEBUG [b678c30e] Finished in 0.297 seconds with exit status 0 (successful).
 DEBUG [c06bf910] Running [ -f /var/www/sites/gothick.org.uk/exhibition.gothick.org.uk/repo/HEAD ] as gothick@ssh.gothick.org.uk
 DEBUG [c06bf910] Command: [ -f /var/www/sites/gothick.org.uk/exhibition.gothick.org.uk/repo/HEAD ]
 DEBUG [c06bf910] Finished in 0.294 seconds with exit status 0 (successful).
  INFO The repository mirror is at /var/www/sites/gothick.org.uk/exhibition.gothick.org.uk/repo
 DEBUG [90ec84a6] Running if test ! -d /var/www/sites/gothick.org.uk/exhibition.gothick.org.uk/repo; then echo "Directory does not exist '/var/www/sites/gothick.org.uk/exhibition.gothick.org.uk/repo'" 1>&2; false; fi as gothick@ssh.gothick.org.uk
 DEBUG [90ec84a6] Command: if test ! -d /var/www/sites/gothick.org.uk/exhibition.gothick.org.uk/repo; then echo "Directory does not exist '/var/www/sites/gothick.org.uk/exhibition.gothick.org.uk/repo'" 1>&2; false; fi
 DEBUG [90ec84a6] Finished in 0.293 seconds with exit status 0 (successful).
  INFO [1acf0f50] Running /usr/bin/env git remote set-url origin git@github.com:gothick/exhibition.git as gothick@ssh.gothick.org.uk
 DEBUG [1acf0f50] Command: cd /var/www/sites/gothick.org.uk/exhibition.gothick.org.uk/repo && ( export GIT_ASKPASS="/bin/echo" GIT_SSH="/tmp/git-ssh-fd3d56ebc749d21153ae.sh" ; /usr/bin/env git remote set-url origin git@github.com:gothick/exhibition.git )
  INFO [1acf0f50] Finished in 0.299 seconds with exit status 0 (successful).
  INFO [75275f59] Running /usr/bin/env git remote update --prune as gothick@ssh.gothick.org.uk
 DEBUG [75275f59] Command: cd /var/www/sites/gothick.org.uk/exhibition.gothick.org.uk/repo && ( export GIT_ASKPASS="/bin/echo" GIT_SSH="/tmp/git-ssh-fd3d56ebc749d21153ae.sh" ; /usr/bin/env git remote update --prune )
 DEBUG [75275f59] 	Fetching origin
 DEBUG [75275f59] 	From github.com:gothick/exhibition
 * [new branch]      Fix/ArchiveReference -> Fix/ArchiveReference
 DEBUG [75275f59] 	   4c01f1c..5c90300  main                 -> main
 DEBUG [75275f59] 	 * [new ref]         refs/pull/1/head     -> refs/pull/1/head
  INFO [75275f59] Finished in 0.715 seconds with exit status 0 (successful).
 DEBUG [b80746f1] Running if test ! -d /var/www/sites/gothick.org.uk/exhibition.gothick.org.uk/repo; then echo "Directory does not exist '/var/www/sites/gothick.org.uk/exhibition.gothick.org.uk/repo'" 1>&2; false; fi as gothick@ssh.gothick.org.uk
 DEBUG [b80746f1] Command: if test ! -d /var/www/sites/gothick.org.uk/exhibition.gothick.org.uk/repo; then echo "Directory does not exist '/var/www/sites/gothick.org.uk/exhibition.gothick.org.uk/repo'" 1>&2; false; fi
 DEBUG [b80746f1] Finished in 0.296 seconds with exit status 0 (successful).
  INFO [f5e74a66] Running /usr/bin/env mkdir -p /var/www/sites/gothick.org.uk/exhibition.gothick.org.uk/releases/20221101190539 as gothick@ssh.gothick.org.uk
 DEBUG [f5e74a66] Command: cd /var/www/sites/gothick.org.uk/exhibition.gothick.org.uk/repo && ( export GIT_ASKPASS="/bin/echo" GIT_SSH="/tmp/git-ssh-fd3d56ebc749d21153ae.sh" ; /usr/bin/env mkdir -p /var/www/sites/gothick.org.uk/exhibition.gothick.org.uk/releases/20221101190539 )
  INFO [f5e74a66] Finished in 0.299 seconds with exit status 0 (successful).
  INFO [2a0c986f] Running /usr/bin/env git archive main | /usr/bin/env tar -x -f - -C /var/www/sites/gothick.org.uk/exhibition.gothick.org.uk/releases/20221101190539 as gothick@ssh.gothick.org.uk
 DEBUG [2a0c986f] Command: cd /var/www/sites/gothick.org.uk/exhibition.gothick.org.uk/repo && ( export GIT_ASKPASS="/bin/echo" GIT_SSH="/tmp/git-ssh-fd3d56ebc749d21153ae.sh" ; /usr/bin/env git archive main | /usr/bin/env tar -x -f - -C /var/www/sites/gothick.org.uk/exhibition.gothick.org.uk/releases/20221101190539 )
  INFO [2a0c986f] Finished in 0.360 seconds with exit status 0 (successful).
 DEBUG [a9e46795] Running if test ! -d /var/www/sites/gothick.org.uk/exhibition.gothick.org.uk/repo; then echo "Directory does not exist '/var/www/sites/gothick.org.uk/exhibition.gothick.org.uk/repo'" 1>&2; false; fi as gothick@ssh.gothick.org.uk
 DEBUG [a9e46795] Command: if test ! -d /var/www/sites/gothick.org.uk/exhibition.gothick.org.uk/repo; then echo "Directory does not exist '/var/www/sites/gothick.org.uk/exhibition.gothick.org.uk/repo'" 1>&2; false; fi
 DEBUG [a9e46795] Finished in 0.296 seconds with exit status 0 (successful).
 DEBUG [6f2ffee9] Running /usr/bin/env git rev-list --max-count=1 main as gothick@ssh.gothick.org.uk
 DEBUG [6f2ffee9] Command: cd /var/www/sites/gothick.org.uk/exhibition.gothick.org.uk/repo && ( export GIT_ASKPASS="/bin/echo" GIT_SSH="/tmp/git-ssh-fd3d56ebc749d21153ae.sh" ; /usr/bin/env git rev-list --max-count=1 main )
 DEBUG [6f2ffee9] 	5c9030018026be41063b96397e845c207efb65de
 DEBUG [6f2ffee9] Finished in 0.298 seconds with exit status 0 (successful).
 DEBUG [eb0cd7a2] Running if test ! -d /var/www/sites/gothick.org.uk/exhibition.gothick.org.uk/releases/20221101190539; then echo "Directory does not exist '/var/www/sites/gothick.org.uk/exhibition.gothick.org.uk/releases/20221101190539'" 1>&2; false; fi as gothick@ssh.gothick.org.uk
 DEBUG [eb0cd7a2] Command: if test ! -d /var/www/sites/gothick.org.uk/exhibition.gothick.org.uk/releases/20221101190539; then echo "Directory does not exist '/var/www/sites/gothick.org.uk/exhibition.gothick.org.uk/releases/20221101190539'" 1>&2; false; fi
 DEBUG [eb0cd7a2] Finished in 0.296 seconds with exit status 0 (successful).
  INFO [cdadf7ab] Running /usr/bin/env echo "5c9030018026be41063b96397e845c207efb65de" > REVISION as gothick@ssh.gothick.org.uk
 DEBUG [cdadf7ab] Command: cd /var/www/sites/gothick.org.uk/exhibition.gothick.org.uk/releases/20221101190539 && /usr/bin/env echo "5c9030018026be41063b96397e845c207efb65de" > REVISION
  INFO [cdadf7ab] Finished in 0.297 seconds with exit status 0 (successful).
  INFO [8bde3834] Running /usr/bin/env ln -s /var/www/sites/gothick.org.uk/exhibition.gothick.org.uk/releases/20221101190539 /var/www/sites/gothick.org.uk/exhibition.gothick.org.uk/releases/current as gothick@ssh.gothick.org.uk
 DEBUG [8bde3834] Command: /usr/bin/env ln -s /var/www/sites/gothick.org.uk/exhibition.gothick.org.uk/releases/20221101190539 /var/www/sites/gothick.org.uk/exhibition.gothick.org.uk/releases/current
  INFO [8bde3834] Finished in 0.295 seconds with exit status 0 (successful).
  INFO [2e2853d6] Running /usr/bin/env mv /var/www/sites/gothick.org.uk/exhibition.gothick.org.uk/releases/current /var/www/sites/gothick.org.uk/exhibition.gothick.org.uk as gothick@ssh.gothick.org.uk
 DEBUG [2e2853d6] Command: /usr/bin/env mv /var/www/sites/gothick.org.uk/exhibition.gothick.org.uk/releases/current /var/www/sites/gothick.org.uk/exhibition.gothick.org.uk
  INFO [2e2853d6] Finished in 0.296 seconds with exit status 0 (successful).
 DEBUG [2134b96b] Running /usr/bin/env ls -x /var/www/sites/gothick.org.uk/exhibition.gothick.org.uk/releases as gothick@ssh.gothick.org.uk
 DEBUG [2134b96b] Command: /usr/bin/env ls -x /var/www/sites/gothick.org.uk/exhibition.gothick.org.uk/releases
 DEBUG [2134b96b] 	20221101190213	20221101190539
 DEBUG [2134b96b] Finished in 0.298 seconds with exit status 0 (successful).
 DEBUG [84a0142a] Running if test ! -d /var/www/sites/gothick.org.uk/exhibition.gothick.org.uk/releases; then echo "Directory does not exist '/var/www/sites/gothick.org.uk/exhibition.gothick.org.uk/releases'" 1>&2; false; fi as gothick@ssh.gothick.org.uk
 DEBUG [84a0142a] Command: if test ! -d /var/www/sites/gothick.org.uk/exhibition.gothick.org.uk/releases; then echo "Directory does not exist '/var/www/sites/gothick.org.uk/exhibition.gothick.org.uk/releases'" 1>&2; false; fi
 DEBUG [84a0142a] Finished in 0.293 seconds with exit status 0 (successful).
  INFO [c54a80f9] Running /usr/bin/env echo "Branch main (at 5c9030018026be41063b96397e845c207efb65de) deployed as release 20221101190539 by matt" >> /var/www/sites/gothick.org.uk/exhibition.gothick.org.uk/revisions.log as gothick@ssh.gothick.org.uk
 DEBUG [c54a80f9] Command: cd /var/www/sites/gothick.org.uk/exhibition.gothick.org.uk/releases && /usr/bin/env echo "Branch main (at 5c9030018026be41063b96397e845c207efb65de) deployed as release 20221101190539 by matt" >> /var/www/sites/gothick.org.uk/exhibition.gothick.org.uk/revisions.log
  INFO [c54a80f9] Finished in 0.297 seconds with exit status 0 (successful).
